00:03:32.226 [main] INFO  org.testng.internal.Utils - [TestNG] Running:
  E:\Jala\eCommerceApplicatio_OpenCart\testNg.xml

00:03:33.586 [main] INFO  io.github.bonigarcia.wdm.WebDriverManager - Using chromedriver 128.0.6613.119 (resolved driver for Chrome 128)
00:03:33.646 [main] INFO  io.github.bonigarcia.wdm.WebDriverManager - Exporting webdriver.chrome.driver as C:\Users\Saurabh Singh\.cache\selenium\chromedriver\win64\128.0.6613.119\chromedriver.exe
00:03:39.621 [main] INFO  tests.Logintest - ****Execution start here****
00:03:48.064 [main] INFO  tests.Logintest - ******test execution completed****
00:03:49.052 [main] ERROR org.testng.reporters.jq.Main - E:\Jala\eCommerceApplicatio_OpenCart\test-output\jquery-3.6.0.min.js
java.nio.file.FileAlreadyExistsException: E:\Jala\eCommerceApplicatio_OpenCart\test-output\jquery-3.6.0.min.js
	at java.base/sun.nio.fs.WindowsException.translateToIOException(WindowsException.java:87) ~[?:?]
	at java.base/sun.nio.fs.WindowsException.rethrowAsIOException(WindowsException.java:103) ~[?:?]
	at java.base/sun.nio.fs.WindowsException.rethrowAsIOException(WindowsException.java:108) ~[?:?]
	at java.base/sun.nio.fs.WindowsFileSystemProvider.newByteChannel(WindowsFileSystemProvider.java:235) ~[?:?]
	at java.base/java.nio.file.spi.FileSystemProvider.newOutputStream(FileSystemProvider.java:478) ~[?:?]
	at java.base/java.nio.file.Files.newOutputStream(Files.java:219) ~[?:?]
	at java.base/java.nio.file.Files.copy(Files.java:3066) ~[?:?]
	at org.testng.reporters.jq.Main.generateReport(Main.java:95) [testng-7.6.1.jar:7.6.1]
	at org.testng.TestNG.generateReports(TestNG.java:1134) [testng-7.6.1.jar:7.6.1]
	at org.testng.TestNG.run(TestNG.java:1072) [testng-7.6.1.jar:7.6.1]
	at org.testng.remote.AbstractRemoteTestNG.run(AbstractRemoteTestNG.java:115) [testng-remote.jar:?]
	at org.testng.remote.RemoteTestNG.initAndRun(RemoteTestNG.java:293) [testng-remote.jar:?]
	at org.testng.remote.RemoteTestNG.main(RemoteTestNG.java:91) [testng-remote.jar:?]
00:05:06.884 [main] INFO  org.testng.internal.Utils - [TestNG] Running:
  E:\Jala\eCommerceApplicatio_OpenCart\testNg.xml

00:05:07.769 [main] INFO  io.github.bonigarcia.wdm.WebDriverManager - Using chromedriver 128.0.6613.119 (resolved driver for Chrome 128)
00:05:07.803 [main] INFO  io.github.bonigarcia.wdm.WebDriverManager - Exporting webdriver.chrome.driver as C:\Users\Saurabh Singh\.cache\selenium\chromedriver\win64\128.0.6613.119\chromedriver.exe
00:05:13.043 [main] INFO  tests.Logintest - ****Execution start here****
00:05:21.312 [main] INFO  tests.Logintest - ******test execution completed****
00:05:23.494 [main] ERROR org.testng.reporters.jq.Main - E:\Jala\eCommerceApplicatio_OpenCart\test-output\jquery-3.6.0.min.js
java.nio.file.FileAlreadyExistsException: E:\Jala\eCommerceApplicatio_OpenCart\test-output\jquery-3.6.0.min.js
	at java.base/sun.nio.fs.WindowsException.translateToIOException(WindowsException.java:87) ~[?:?]
	at java.base/sun.nio.fs.WindowsException.rethrowAsIOException(WindowsException.java:103) ~[?:?]
	at java.base/sun.nio.fs.WindowsException.rethrowAsIOException(WindowsException.java:108) ~[?:?]
	at java.base/sun.nio.fs.WindowsFileSystemProvider.newByteChannel(WindowsFileSystemProvider.java:235) ~[?:?]
	at java.base/java.nio.file.spi.FileSystemProvider.newOutputStream(FileSystemProvider.java:478) ~[?:?]
	at java.base/java.nio.file.Files.newOutputStream(Files.java:219) ~[?:?]
	at java.base/java.nio.file.Files.copy(Files.java:3066) ~[?:?]
	at org.testng.reporters.jq.Main.generateReport(Main.java:95) [testng-7.6.1.jar:7.6.1]
	at org.testng.TestNG.generateReports(TestNG.java:1134) [testng-7.6.1.jar:7.6.1]
	at org.testng.TestNG.run(TestNG.java:1072) [testng-7.6.1.jar:7.6.1]
	at org.testng.remote.AbstractRemoteTestNG.run(AbstractRemoteTestNG.java:115) [testng-remote.jar:?]
	at org.testng.remote.RemoteTestNG.initAndRun(RemoteTestNG.java:293) [testng-remote.jar:?]
	at org.testng.remote.RemoteTestNG.main(RemoteTestNG.java:91) [testng-remote.jar:?]
00:11:08.252 [main] INFO  org.testng.internal.Utils - [TestNG] Running:
  E:\Jala\eCommerceApplicatio_OpenCart\testNg.xml

00:11:08.958 [main] INFO  io.github.bonigarcia.wdm.WebDriverManager - Using chromedriver 128.0.6613.119 (resolved driver for Chrome 128)
00:11:08.994 [main] INFO  io.github.bonigarcia.wdm.WebDriverManager - Exporting webdriver.chrome.driver as C:\Users\Saurabh Singh\.cache\selenium\chromedriver\win64\128.0.6613.119\chromedriver.exe
00:11:12.614 [main] INFO  io.github.bonigarcia.wdm.WebDriverManager - Using chromedriver 128.0.6613.119 (resolved driver for Chrome 128)
00:11:12.641 [main] INFO  io.github.bonigarcia.wdm.WebDriverManager - Exporting webdriver.chrome.driver as C:\Users\Saurabh Singh\.cache\selenium\chromedriver\win64\128.0.6613.119\chromedriver.exe
00:11:51.657 [main] ERROR org.testng.reporters.jq.Main - E:\Jala\eCommerceApplicatio_OpenCart\test-output\jquery-3.6.0.min.js
java.nio.file.FileAlreadyExistsException: E:\Jala\eCommerceApplicatio_OpenCart\test-output\jquery-3.6.0.min.js
	at java.base/sun.nio.fs.WindowsException.translateToIOException(WindowsException.java:87) ~[?:?]
	at java.base/sun.nio.fs.WindowsException.rethrowAsIOException(WindowsException.java:103) ~[?:?]
	at java.base/sun.nio.fs.WindowsException.rethrowAsIOException(WindowsException.java:108) ~[?:?]
	at java.base/sun.nio.fs.WindowsFileSystemProvider.newByteChannel(WindowsFileSystemProvider.java:235) ~[?:?]
	at java.base/java.nio.file.spi.FileSystemProvider.newOutputStream(FileSystemProvider.java:478) ~[?:?]
	at java.base/java.nio.file.Files.newOutputStream(Files.java:219) ~[?:?]
	at java.base/java.nio.file.Files.copy(Files.java:3066) ~[?:?]
	at org.testng.reporters.jq.Main.generateReport(Main.java:95) [testng-7.6.1.jar:7.6.1]
	at org.testng.TestNG.generateReports(TestNG.java:1134) [testng-7.6.1.jar:7.6.1]
	at org.testng.TestNG.run(TestNG.java:1072) [testng-7.6.1.jar:7.6.1]
	at org.testng.remote.AbstractRemoteTestNG.run(AbstractRemoteTestNG.java:115) [testng-remote.jar:?]
	at org.testng.remote.RemoteTestNG.initAndRun(RemoteTestNG.java:293) [testng-remote.jar:?]
	at org.testng.remote.RemoteTestNG.main(RemoteTestNG.java:91) [testng-remote.jar:?]
00:14:01.718 [main] INFO  org.testng.internal.Utils - [TestNG] Running:
  E:\Jala\eCommerceApplicatio_OpenCart\testNg.xml

00:14:02.576 [main] INFO  io.github.bonigarcia.wdm.WebDriverManager - Using chromedriver 128.0.6613.119 (resolved driver for Chrome 128)
00:14:02.607 [main] INFO  io.github.bonigarcia.wdm.WebDriverManager - Exporting webdriver.chrome.driver as C:\Users\Saurabh Singh\.cache\selenium\chromedriver\win64\128.0.6613.119\chromedriver.exe
00:14:07.672 [main] INFO  tests.Logintest - ****Execution start here****
00:14:15.988 [main] INFO  tests.Logintest - ******test execution completed****
00:14:16.905 [main] INFO  io.github.bonigarcia.wdm.WebDriverManager - Using chromedriver 128.0.6613.119 (resolved driver for Chrome 128)
00:14:16.935 [main] INFO  io.github.bonigarcia.wdm.WebDriverManager - Exporting webdriver.chrome.driver as C:\Users\Saurabh Singh\.cache\selenium\chromedriver\win64\128.0.6613.119\chromedriver.exe
00:14:44.426 [main] ERROR org.testng.reporters.jq.Main - E:\Jala\eCommerceApplicatio_OpenCart\test-output\jquery-3.6.0.min.js
java.nio.file.FileAlreadyExistsException: E:\Jala\eCommerceApplicatio_OpenCart\test-output\jquery-3.6.0.min.js
	at java.base/sun.nio.fs.WindowsException.translateToIOException(WindowsException.java:87) ~[?:?]
	at java.base/sun.nio.fs.WindowsException.rethrowAsIOException(WindowsException.java:103) ~[?:?]
	at java.base/sun.nio.fs.WindowsException.rethrowAsIOException(WindowsException.java:108) ~[?:?]
	at java.base/sun.nio.fs.WindowsFileSystemProvider.newByteChannel(WindowsFileSystemProvider.java:235) ~[?:?]
	at java.base/java.nio.file.spi.FileSystemProvider.newOutputStream(FileSystemProvider.java:478) ~[?:?]
	at java.base/java.nio.file.Files.newOutputStream(Files.java:219) ~[?:?]
	at java.base/java.nio.file.Files.copy(Files.java:3066) ~[?:?]
	at org.testng.reporters.jq.Main.generateReport(Main.java:95) [testng-7.6.1.jar:7.6.1]
	at org.testng.TestNG.generateReports(TestNG.java:1134) [testng-7.6.1.jar:7.6.1]
	at org.testng.TestNG.run(TestNG.java:1072) [testng-7.6.1.jar:7.6.1]
	at org.testng.remote.AbstractRemoteTestNG.run(AbstractRemoteTestNG.java:115) [testng-remote.jar:?]
	at org.testng.remote.RemoteTestNG.initAndRun(RemoteTestNG.java:293) [testng-remote.jar:?]
	at org.testng.remote.RemoteTestNG.main(RemoteTestNG.java:91) [testng-remote.jar:?]
01:11:15.514 [main] INFO  org.testng.internal.Utils - [TestNG] Running:
  E:\Jala\eCommerceApplicatio_OpenCart\testNg.xml

01:11:17.095 [main] INFO  io.github.bonigarcia.wdm.WebDriverManager - Using chromedriver 128.0.6613.119 (resolved driver for Chrome 128)
01:11:17.147 [main] INFO  io.github.bonigarcia.wdm.WebDriverManager - Exporting webdriver.chrome.driver as C:\Users\Saurabh Singh\.cache\selenium\chromedriver\win64\128.0.6613.119\chromedriver.exe
01:11:46.745 [main] ERROR org.testng.reporters.jq.Main - E:\Jala\eCommerceApplicatio_OpenCart\test-output\jquery-3.6.0.min.js
java.nio.file.FileAlreadyExistsException: E:\Jala\eCommerceApplicatio_OpenCart\test-output\jquery-3.6.0.min.js
	at java.base/sun.nio.fs.WindowsException.translateToIOException(WindowsException.java:87) ~[?:?]
	at java.base/sun.nio.fs.WindowsException.rethrowAsIOException(WindowsException.java:103) ~[?:?]
	at java.base/sun.nio.fs.WindowsException.rethrowAsIOException(WindowsException.java:108) ~[?:?]
	at java.base/sun.nio.fs.WindowsFileSystemProvider.newByteChannel(WindowsFileSystemProvider.java:235) ~[?:?]
	at java.base/java.nio.file.spi.FileSystemProvider.newOutputStream(FileSystemProvider.java:478) ~[?:?]
	at java.base/java.nio.file.Files.newOutputStream(Files.java:219) ~[?:?]
	at java.base/java.nio.file.Files.copy(Files.java:3066) ~[?:?]
	at org.testng.reporters.jq.Main.generateReport(Main.java:95) [testng-7.6.1.jar:7.6.1]
	at org.testng.TestNG.generateReports(TestNG.java:1134) [testng-7.6.1.jar:7.6.1]
	at org.testng.TestNG.run(TestNG.java:1072) [testng-7.6.1.jar:7.6.1]
	at org.testng.remote.AbstractRemoteTestNG.run(AbstractRemoteTestNG.java:115) [testng-remote.jar:?]
	at org.testng.remote.RemoteTestNG.initAndRun(RemoteTestNG.java:293) [testng-remote.jar:?]
	at org.testng.remote.RemoteTestNG.main(RemoteTestNG.java:91) [testng-remote.jar:?]
