16:14:26.319 [main] INFO  io.github.bonigarcia.wdm.WebDriverManager - Using chromedriver 128.0.6613.119 (resolved driver for Chrome 128)
16:14:26.424 [main] INFO  io.github.bonigarcia.wdm.WebDriverManager - Exporting webdriver.chrome.driver as C:\Users\Saurabh Singh\.cache\selenium\chromedriver\win64\128.0.6613.119\chromedriver.exe
16:14:58.856 [main] ERROR org.testng.reporters.jq.Main - E:\Jala\eCommerceApplicatio_OpenCart\target\surefire-reports\jquery-3.6.0.min.js
java.nio.file.FileAlreadyExistsException: E:\Jala\eCommerceApplicatio_OpenCart\target\surefire-reports\jquery-3.6.0.min.js
	at java.base/sun.nio.fs.WindowsException.translateToIOException(WindowsException.java:87) ~[?:?]
	at java.base/sun.nio.fs.WindowsException.rethrowAsIOException(WindowsException.java:103) ~[?:?]
	at java.base/sun.nio.fs.WindowsException.rethrowAsIOException(WindowsException.java:108) ~[?:?]
	at java.base/sun.nio.fs.WindowsFileSystemProvider.newByteChannel(WindowsFileSystemProvider.java:236) ~[?:?]
	at java.base/java.nio.file.spi.FileSystemProvider.newOutputStream(FileSystemProvider.java:484) ~[?:?]
	at java.base/java.nio.file.Files.newOutputStream(Files.java:228) ~[?:?]
	at java.base/java.nio.file.Files.copy(Files.java:3160) ~[?:?]
	at org.testng.reporters.jq.Main.generateReport(Main.java:95) [testng-7.6.1.jar:7.6.1]
	at org.testng.TestNG.generateReports(TestNG.java:1134) [testng-7.6.1.jar:7.6.1]
	at org.testng.TestNG.run(TestNG.java:1072) [testng-7.6.1.jar:7.6.1]
	at org.apache.maven.surefire.testng.TestNGExecutor.run(TestNGExecutor.java:308) [surefire-testng-3.5.0.jar:3.5.0]
	at org.apache.maven.surefire.testng.TestNGXmlTestSuite.execute(TestNGXmlTestSuite.java:71) [surefire-testng-3.5.0.jar:3.5.0]
	at org.apache.maven.surefire.testng.TestNGProvider.invoke(TestNGProvider.java:113) [surefire-testng-3.5.0.jar:3.5.0]
	at org.apache.maven.surefire.booter.ForkedBooter.runSuitesInProcess(ForkedBooter.java:385) [surefire-booter-3.5.0.jar:3.5.0]
	at org.apache.maven.surefire.booter.ForkedBooter.execute(ForkedBooter.java:162) [surefire-booter-3.5.0.jar:3.5.0]
	at org.apache.maven.surefire.booter.ForkedBooter.run(ForkedBooter.java:507) [surefire-booter-3.5.0.jar:3.5.0]
	at org.apache.maven.surefire.booter.ForkedBooter.main(ForkedBooter.java:495) [surefire-booter-3.5.0.jar:3.5.0]
